KotlinMallDemo/App/build/outputs/logs/manifest-merger-debug-report.txt
-- Merging decision tree log ---
manifest
ADDED from src\main\AndroidManifest.xml:2:1-26:12
INJECTED from src\main\AndroidManifest.xml:2:1-26:12
INJECTED from src\main\AndroidManifest.xml:2:1-26:12
INJECTED from src\main\AndroidManifest.xml:2:1-26:12
MERGED from [:UserCenter] AndroidManifest.xml:2:1-25:12
MERGED from [:MessageCenter] AndroidManifest.xml:2:1-41:12
MERGED from [:GoodsCenter] AndroidManifest.xml:2:1-23:12
MERGED from [:OrderCenter] AndroidManifest.xml:2:1-22:12
MERGED from [:PaySDK] AndroidManifest.xml:2:1-38:12
MERGED from [:Provider] AndroidManifest.xml:2:1-17:12
MERGED from [:BaseLibrary] AndroidManifest.xml:2:1-19:12
MERGED from [cn.jiguang.sdk:jpush:3.0.9] AndroidManifest.xml:2:1-128:12
MERGED from [cn.jiguang.sdk:jcore:1.1.7] AndroidManifest.xml:2:1-14:12
MERGED from [ren.qinc.numberbutton:numberbutton:0.0.1] AndroidManifest.xml:2:1-17:12
MERGED from [:coverflow] AndroidManifest.xml:2:1-17:12
MERGED from [com.jph.takephoto:takephoto_library:4.0.3] AndroidManifest.xml:2:1-28:12
MERGED from [com.alibaba:arouter-api:1.2.2] AndroidManifest.xml:2:1-10:12
MERGED from [com.soundcloud.android.crop:lib_crop:1.0.0] AndroidManifest.xml:2:1-12:12
MERGED from [me.shaohui.advancedluban:library:1.3.2] AndroidManifest.xml:2:1-11:12
MERGED from [com.ashokvarma.android:bottom-navigation-bar:2.0.2] AndroidManifest.xml:2:1-13:12
MERGED from [com.android.support:design:27.1.0] AndroidManifest.xml:17:1-22:12
MERGED from [com.android.support:support-v4:27.1.0] AndroidManifest.xml:17:1-22:12
MERGED from [com.trello:rxlifecycle-components:1.0] AndroidManifest.xml:13:1-19:12
MERGED from [com.zhy:flowlayout-lib:1.0.3] AndroidManifest.xml:2:1-12:12
MERGED from [com.darsh.multipleimageselect:multipleimageselect:1.0.4] AndroidManifest.xml:2:1-36:12
MERGED from [com.android.support:appcompat-v7:27.1.0] AndroidManifest.xml:17:1-22:12
MERGED from [com.android.support:recyclerview-v7:27.1.0] AndroidManifest.xml:17:1-22:12
MERGED from [com.android.support:cardview-v7:27.1.0] AndroidManifest.xml:17:1-22:12
MERGED from [com.trello:rxlifecycle-kotlin:1.0] AndroidManifest.xml:13:1-19:12
MERGED from [com.trello:rxlifecycle-android:1.0] AndroidManifest.xml:13:1-19:12
MERGED from [com.jakewharton.rxbinding:rxbinding:0.4.0] AndroidManifest.xml:2:1-8:12
MERGED from [io.reactivex:rxandroid:1.2.1] AndroidManifest.xml:15:1-21:12
MERGED from [de.hdodenhof:circleimageview:2.1.0] AndroidManifest.xml:2:1-11:12
MERGED from [com.bigkoo:alertview:1.0.3] AndroidManifest.xml:2:1-11:12
MERGED from [com.youth.banner:banner:1.4.10] AndroidManifest.xml:2:1-11:12
MERGED from [:multistateviewlib] AndroidManifest.xml:2:1-13:12
MERGED from [cn.bingoogolapple:bga-refreshlayout:1.1.7] AndroidManifest.xml:2:1-10:12
MERGED from [com.eightbitlab:rxbus:1.0.2] AndroidManifest.xml:2:1-16:12
MERGED from [q.rorbin:badgeview:1.1.2] AndroidManifest.xml:2:1-13:12
MERGED from [com.android.support:support-fragment:27.1.0] AndroidManifest.xml:17:1-22:12
MERGED from [com.android.support:animated-vector-drawable:27.1.0] AndroidManifest.xml:17:1-22:12
MERGED from [com.android.support:support-core-ui:27.1.0] AndroidManifest.xml:17:1-22:12
MERGED from [com.android.support:support-core-utils:27.1.0] AndroidManifest.xml:17:1-22:12
MERGED from [com.android.support:support-vector-drawable:27.1.0] AndroidManifest.xml:17:1-22:12
MERGED from [com.android.support:support-media-compat:27.1.0] AndroidManifest.xml:17:1-22:12
MERGED from [com.android.support:transition:27.1.0] AndroidManifest.xml:17:1-22:12
MERGED from [com.android.support:support-compat:27.1.0] AndroidManifest.xml:17:1-22:12
MERGED from [android.arch.lifecycle:runtime:1.1.0] AndroidManifest.xml:17:1-22:12
MERGED from [android.arch.lifecycle:livedata-core:1.1.0] AndroidManifest.xml:17:1-22:12
MERGED from [android.arch.core:runtime:1.1.0] AndroidManifest.xml:17:1-22:12
MERGED from [android.arch.lifecycle:viewmodel:1.1.0] AndroidManifest.xml:17:1-22:12
INJECTED from src\main\AndroidManifest.xml:2:1-26:12
INJECTED from src\main\AndroidManifest.xml:2:1-26:12
INJECTED from src\main\AndroidManifest.xml:2:1-26:12
	package
		ADDED from src\main\AndroidManifest.xml:3:11-36
		INJECTED from src\main\AndroidManifest.xml
		INJECTED from src\main\AndroidManifest.xml
	android:versionName
		INJECTED from src\main\AndroidManifest.xml
		ADDED from src\main\AndroidManifest.xml:2:1-26:12
		INJECTED from src\main\AndroidManifest.xml
	android:versionCode
		INJECTED from src\main\AndroidManifest.xml
		ADDED from src\main\AndroidManifest.xml:2:1-26:12
		INJECTED from src\main\AndroidManifest.xml
	xmlns:android
		ADDED from src\main\AndroidManifest.xml:2:11-69
application
ADDED from src\main\AndroidManifest.xml:5:5-24:19
MERGED from [:UserCenter] AndroidManifest.xml:14:5-23:19
MERGED from [:UserCenter] AndroidManifest.xml:14:5-23:19
MERGED from [:MessageCenter] AndroidManifest.xml:12:5-39:19
MERGED from [:MessageCenter] AndroidManifest.xml:12:5-39:19
MERGED from [:GoodsCenter] AndroidManifest.xml:11:5-21:19
MERGED from [:GoodsCenter] AndroidManifest.xml:11:5-21:19
MERGED from [:OrderCenter] AndroidManifest.xml:11:5-20:19
MERGED from [:OrderCenter] AndroidManifest.xml:11:5-20:19
MERGED from [:PaySDK] AndroidManifest.xml:17:5-36:19
MERGED from [:PaySDK] AndroidManifest.xml:17:5-36:19
MERGED from [:Provider] AndroidManifest.xml:11:5-15:19
MERGED from [:Provider] AndroidManifest.xml:11:5-15:19
MERGED from [:BaseLibrary] AndroidManifest.xml:13:5-17:19
MERGED from [:BaseLibrary] AndroidManifest.xml:13:5-17:19
MERGED from [cn.jiguang.sdk:jpush:3.0.9] AndroidManifest.xml:37:5-126:19
MERGED from [cn.jiguang.sdk:jpush:3.0.9] AndroidManifest.xml:37:5-126:19
MERGED from [cn.jiguang.sdk:jcore:1.1.7] AndroidManifest.xml:11:5-12:19
MERGED from [cn.jiguang.sdk:jcore:1.1.7] AndroidManifest.xml:11:5-12:19
MERGED from [ren.qinc.numberbutton:numberbutton:0.0.1] AndroidManifest.xml:11:5-15:19
MERGED from [ren.qinc.numberbutton:numberbutton:0.0.1] AndroidManifest.xml:11:5-15:19
MERGED from [:coverflow] AndroidManifest.xml:11:5-15:19
MERGED from [:coverflow] AndroidManifest.xml:11:5-15:19
MERGED from [com.jph.takephoto:takephoto_library:4.0.3] AndroidManifest.xml:14:5-26:19
MERGED from [com.jph.takephoto:takephoto_library:4.0.3] AndroidManifest.xml:14:5-26:19
MERGED from [com.ashokvarma.android:bottom-navigation-bar:2.0.2] AndroidManifest.xml:11:5-47
MERGED from [com.ashokvarma.android:bottom-navigation-bar:2.0.2] AndroidManifest.xml:11:5-47
MERGED from [com.darsh.multipleimageselect:multipleimageselect:1.0.4] AndroidManifest.xml:13:5-34:19
MERGED from [com.darsh.multipleimageselect:multipleimageselect:1.0.4] AndroidManifest.xml:13:5-34:19
MERGED from [de.hdodenhof:circleimageview:2.1.0] AndroidManifest.xml:9:5-20
MERGED from [de.hdodenhof:circleimageview:2.1.0] AndroidManifest.xml:9:5-20
MERGED from [:multistateviewlib] AndroidManifest.xml:11:5-20
MERGED from [:multistateviewlib] AndroidManifest.xml:11:5-20
MERGED from [com.eightbitlab:rxbus:1.0.2] AndroidManifest.xml:11:5-14:19
MERGED from [com.eightbitlab:rxbus:1.0.2] AndroidManifest.xml:11:5-14:19
MERGED from [q.rorbin:badgeview:1.1.2] AndroidManifest.xml:11:5-20
MERGED from [q.rorbin:badgeview:1.1.2] AndroidManifest.xml:11:5-20
	android:supportsRtl
		ADDED from src\main\AndroidManifest.xml:10:13-39
	android:label
		ADDED from src\main\AndroidManifest.xml:8:13-45
	android:roundIcon
		ADDED from src\main\AndroidManifest.xml:9:13-58
	android:icon
		ADDED from src\main\AndroidManifest.xml:7:13-47
	android:allowBackup
		ADDED from src\main\AndroidManifest.xml:6:13-39
	android:theme
		ADDED from src\main\AndroidManifest.xml:11:13-44
	android:name
		ADDED from src\main\AndroidManifest.xml:12:13-51
activity#com.kotlin.mall.ui.activity.MainActivity
ADDED from src\main\AndroidManifest.xml:14:9-20:20
	android:name
		ADDED from src\main\AndroidManifest.xml:14:19-59
intent-filter#action:name:android.intent.action.MAIN+category:name:android.intent.category.LAUNCHER
ADDED from src\main\AndroidManifest.xml:15:13-19:29
action#android.intent.action.MAIN
ADDED from src\main\AndroidManifest.xml:16:17-68
	android:name
		ADDED from src\main\AndroidManifest.xml:16:25-66
category#android.intent.category.LAUNCHER
ADDED from src\main\AndroidManifest.xml:18:17-76
	android:name
		ADDED from src\main\AndroidManifest.xml:18:27-74
activity#com.kotlin.mall.ui.activity.SettingActivity
ADDED from src\main\AndroidManifest.xml:22:9-64
	android:name
		ADDED from src\main\AndroidManifest.xml:22:19-62
uses-sdk
INJECTED from src\main\AndroidManifest.xml reason: use-sdk injection requested
INJECTED from src\main\AndroidManifest.xml
INJECTED from src\main\AndroidManifest.xml
MERGED from [:UserCenter] AndroidManifest.xml:7:5-9:41
MERGED from [:UserCenter] AndroidManifest.xml:7:5-9:41
MERGED from [:MessageCenter] AndroidManifest.xml:8:5-10:41
MERGED from [:MessageCenter] AndroidManifest.xml:8:5-10:41
MERGED from [:GoodsCenter] AndroidManifest.xml:7:5-9:41
MERGED from [:GoodsCenter] AndroidManifest.xml:7:5-9:41
MERGED from [:OrderCenter] AndroidManifest.xml:7:5-9:41
MERGED from [:OrderCenter] AndroidManifest.xml:7:5-9:41
MERGED from [:PaySDK] AndroidManifest.xml:7:5-9:41
MERGED from [:PaySDK] AndroidManifest.xml:7:5-9:41
MERGED from [:Provider] AndroidManifest.xml:7:5-9:41
MERGED from [:Provider] AndroidManifest.xml:7:5-9:41
MERGED from [:BaseLibrary] AndroidManifest.xml:7:5-9:41
MERGED from [:BaseLibrary] AndroidManifest.xml:7:5-9:41
MERGED from [cn.jiguang.sdk:jpush:3.0.9] AndroidManifest.xml:7:5-9:41
MERGED from [cn.jiguang.sdk:jpush:3.0.9] AndroidManifest.xml:7:5-9:41
MERGED from [cn.jiguang.sdk:jcore:1.1.7] AndroidManifest.xml:7:5-9:41
MERGED from [cn.jiguang.sdk:jcore:1.1.7] AndroidManifest.xml:7:5-9:41
MERGED from [ren.qinc.numberbutton:numberbutton:0.0.1] AndroidManifest.xml:7:5-9:41
MERGED from [ren.qinc.numberbutton:numberbutton:0.0.1] AndroidManifest.xml:7:5-9:41
MERGED from [:coverflow] AndroidManifest.xml:7:5-9:41
MERGED from [:coverflow] AndroidManifest.xml:7:5-9:41
MERGED from [com.jph.takephoto:takephoto_library:4.0.3] AndroidManifest.xml:7:5-9:41
MERGED from [com.jph.takephoto:takephoto_library:4.0.3] AndroidManifest.xml:7:5-9:41
MERGED from [com.alibaba:arouter-api:1.2.2] AndroidManifest.xml:6:5-8:41
MERGED from [com.alibaba:arouter-api:1.2.2] AndroidManifest.xml:6:5-8:41
MERGED from [com.soundcloud.android.crop:lib_crop:1.0.0] AndroidManifest.xml:8:5-10:41
MERGED from [com.soundcloud.android.crop:lib_crop:1.0.0] AndroidManifest.xml:8:5-10:41
MERGED from [me.shaohui.advancedluban:library:1.3.2] AndroidManifest.xml:7:5-9:41
MERGED from [me.shaohui.advancedluban:library:1.3.2] AndroidManifest.xml:7:5-9:41
MERGED from [com.ashokvarma.android:bottom-navigation-bar:2.0.2] AndroidManifest.xml:7:5-9:41
MERGED from [com.ashokvarma.android:bottom-navigation-bar:2.0.2] AndroidManifest.xml:7:5-9:41
MERGED from [com.android.support:design:27.1.0] AndroidManifest.xml:20:5-44
MERGED from [com.android.support:design:27.1.0] AndroidManifest.xml:20:5-44
MERGED from [com.android.support:support-v4:27.1.0] AndroidManifest.xml:20:5-44
MERGED from [com.android.support:support-v4:27.1.0] AndroidManifest.xml:20:5-44
MERGED from [com.trello:rxlifecycle-components:1.0] AndroidManifest.xml:17:5-44
MERGED from [com.trello:rxlifecycle-components:1.0] AndroidManifest.xml:17:5-44
MERGED from [com.zhy:flowlayout-lib:1.0.3] AndroidManifest.xml:8:5-10:41
MERGED from [com.zhy:flowlayout-lib:1.0.3] AndroidManifest.xml:8:5-10:41
MERGED from [com.darsh.multipleimageselect:multipleimageselect:1.0.4] AndroidManifest.xml:7:5-9:41
MERGED from [com.darsh.multipleimageselect:multipleimageselect:1.0.4] AndroidManifest.xml:7:5-9:41
MERGED from [com.android.support:appcompat-v7:27.1.0] AndroidManifest.xml:20:5-44
MERGED from [com.android.support:appcompat-v7:27.1.0] AndroidManifest.xml:20:5-44
MERGED from [com.android.support:recyclerview-v7:27.1.0] AndroidManifest.xml:20:5-44
MERGED from [com.android.support:recyclerview-v7:27.1.0] AndroidManifest.xml:20:5-44
MERGED from [com.android.support:cardview-v7:27.1.0] AndroidManifest.xml:20:5-44
MERGED from [com.android.support:cardview-v7:27.1.0] AndroidManifest.xml:20:5-44
MERGED from [com.trello:rxlifecycle-kotlin:1.0] AndroidManifest.xml:17:5-44
MERGED from [com.trello:rxlifecycle-kotlin:1.0] AndroidManifest.xml:17:5-44
MERGED from [com.trello:rxlifecycle-android:1.0] AndroidManifest.xml:17:5-44
MERGED from [com.trello:rxlifecycle-android:1.0] AndroidManifest.xml:17:5-44
MERGED from [com.jakewharton.rxbinding:rxbinding:0.4.0] AndroidManifest.xml:6:5-44
MERGED from [com.jakewharton.rxbinding:rxbinding:0.4.0] AndroidManifest.xml:6:5-44
MERGED from [io.reactivex:rxandroid:1.2.1] AndroidManifest.xml:19:5-43
MERGED from [io.reactivex:rxandroid:1.2.1] AndroidManifest.xml:19:5-43
MERGED from [de.hdodenhof:circleimageview:2.1.0] AndroidManifest.xml:5:5-7:41
MERGED from [de.hdodenhof:circleimageview:2.1.0] AndroidManifest.xml:5:5-7:41
MERGED from [com.bigkoo:alertview:1.0.3] AndroidManifest.xml:7:5-9:41
MERGED from [com.bigkoo:alertview:1.0.3] AndroidManifest.xml:7:5-9:41
MERGED from [com.youth.banner:banner:1.4.10] AndroidManifest.xml:7:5-9:41
MERGED from [com.youth.banner:banner:1.4.10] AndroidManifest.xml:7:5-9:41
MERGED from [:multistateviewlib] AndroidManifest.xml:7:5-9:41
MERGED from [:multistateviewlib] AndroidManifest.xml:7:5-9:41
MERGED from [cn.bingoogolapple:bga-refreshlayout:1.1.7] AndroidManifest.xml:6:5-8:41
MERGED from [cn.bingoogolapple:bga-refreshlayout:1.1.7] AndroidManifest.xml:6:5-8:41
MERGED from [com.eightbitlab:rxbus:1.0.2] AndroidManifest.xml:7:5-9:41
MERGED from [com.eightbitlab:rxbus:1.0.2] AndroidManifest.xml:7:5-9:41
MERGED from [q.rorbin:badgeview:1.1.2] AndroidManifest.xml:7:5-9:41
MERGED from [q.rorbin:badgeview:1.1.2] AndroidManifest.xml:7:5-9:41
MERGED from [com.android.support:support-fragment:27.1.0] AndroidManifest.xml:20:5-44
MERGED from [com.android.support:support-fragment:27.1.0] AndroidManifest.xml:20:5-44
MERGED from [com.android.support:animated-vector-drawable:27.1.0] AndroidManifest.xml:20:5-44
MERGED from [com.android.support:animated-vector-drawable:27.1.0] AndroidManifest.xml:20:5-44
MERGED from [com.android.support:support-core-ui:27.1.0] AndroidManifest.xml:20:5-44
MERGED from [com.android.support:support-core-ui:27.1.0] AndroidManifest.xml:20:5-44
MERGED from [com.android.support:support-core-utils:27.1.0] AndroidManifest.xml:20:5-44
MERGED from [com.android.support:support-core-utils:27.1.0] AndroidManifest.xml:20:5-44
MERGED from [com.android.support:support-vector-drawable:27.1.0] AndroidManifest.xml:20:5-44
MERGED from [com.android.support:support-vector-drawable:27.1.0] AndroidManifest.xml:20:5-44
MERGED from [com.android.support:support-media-compat:27.1.0] AndroidManifest.xml:20:5-44
MERGED from [com.android.support:support-media-compat:27.1.0] AndroidManifest.xml:20:5-44
MERGED from [com.android.support:transition:27.1.0] AndroidManifest.xml:20:5-44
MERGED from [com.android.support:transition:27.1.0] AndroidManifest.xml:20:5-44
MERGED from [com.android.support:support-compat:27.1.0] AndroidManifest.xml:20:5-44
MERGED from [com.android.support:support-compat:27.1.0] AndroidManifest.xml:20:5-44
MERGED from [android.arch.lifecycle:runtime:1.1.0] AndroidManifest.xml:20:5-44
MERGED from [android.arch.lifecycle:runtime:1.1.0] AndroidManifest.xml:20:5-44
MERGED from [android.arch.lifecycle:livedata-core:1.1.0] AndroidManifest.xml:20:5-44
MERGED from [android.arch.lifecycle:livedata-core:1.1.0] AndroidManifest.xml:20:5-44
MERGED from [android.arch.core:runtime:1.1.0] AndroidManifest.xml:20:5-44
MERGED from [android.arch.core:runtime:1.1.0] AndroidManifest.xml:20:5-44
MERGED from [android.arch.lifecycle:viewmodel:1.1.0] AndroidManifest.xml:20:5-44
MERGED from [android.arch.lifecycle:viewmodel:1.1.0] AndroidManifest.xml:20:5-44
INJECTED from src\main\AndroidManifest.xml
INJECTED from src\main\AndroidManifest.xml
	android:targetSdkVersion
		INJECTED from src\main\AndroidManifest.xml
		ADDED from src\main\AndroidManifest.xml
		INJECTED from src\main\AndroidManifest.xml
	android:minSdkVersion
		INJECTED from src\main\AndroidManifest.xml
		ADDED from src\main\AndroidManifest.xml
		INJECTED from src\main\AndroidManifest.xml
uses-permission#android.permission.KILL_BACKGROUND_PROCESSES
ADDED from [:UserCenter] AndroidManifest.xml:11:5-84
	android:name
		ADDED from [:UserCenter] AndroidManifest.xml:11:22-81
uses-permission#android.permission.ACCESS_NETWORK_STATE
ADDED from [:UserCenter] AndroidManifest.xml:12:5-79
MERGED from [:PaySDK] AndroidManifest.xml:12:5-79
MERGED from [:PaySDK] AndroidManifest.xml:12:5-79
MERGED from [cn.jiguang.sdk:jpush:3.0.9] AndroidManifest.xml:26:5-79
MERGED from [cn.jiguang.sdk:jpush:3.0.9] AndroidManifest.xml:26:5-79
	android:name
		ADDED from [:UserCenter] AndroidManifest.xml:12:22-76
activity#com.kotlin.user.ui.activity.RegisterActivity
ADDED from [:UserCenter] AndroidManifest.xml:18:9-81
	android:name
		ADDED from [:UserCenter] AndroidManifest.xml:18:19-78
activity#com.kotlin.user.ui.activity.LoginActivity
ADDED from [:UserCenter] AndroidManifest.xml:19:9-78
	android:name
		ADDED from [:UserCenter] AndroidManifest.xml:19:19-75
activity#com.kotlin.user.ui.activity.ForgetPwdActivity
ADDED from [:UserCenter] AndroidManifest.xml:20:9-82
	android:name
		ADDED from [:UserCenter] AndroidManifest.xml:20:19-79
activity#com.kotlin.user.ui.activity.ResetPwdActivity
ADDED from [:UserCenter] AndroidManifest.xml:21:9-81
	android:name
		ADDED from [:UserCenter] AndroidManifest.xml:21:19-78
activity#com.kotlin.user.ui.activity.UserInfoActivity
ADDED from [:UserCenter] AndroidManifest.xml:22:9-81
	android:name
		ADDED from [:UserCenter] AndroidManifest.xml:22:19-78
receiver#com.kotlin.message.receiver.MessageReceiver
ADDED from [:MessageCenter] AndroidManifest.xml:16:9-29:20
	android:enabled
		ADDED from [:MessageCenter] AndroidManifest.xml:18:13-35
	android:name
		ADDED from [:MessageCenter] AndroidManifest.xml:17:13-71
intent-filter#action:name:cn.jpush.android.intent.CONNECTION+action:name:cn.jpush.android.intent.MESSAGE_RECEIVED+action:name:cn.jpush.android.intent.NOTIFICATION_CLICK_ACTION+action:name:cn.jpush.android.intent.NOTIFICATION_OPENED+action:name:cn.jpush.android.intent.NOTIFICATION_RECEIVED+action:name:cn.jpush.android.intent.REGISTRATION+category:name:com.kotlin.mall
ADDED from [:MessageCenter] AndroidManifest.xml:19:13-28:29
action#cn.jpush.android.intent.REGISTRATION
ADDED from [:MessageCenter] AndroidManifest.xml:20:17-79
	android:name
		ADDED from [:MessageCenter] AndroidManifest.xml:20:25-76
action#cn.jpush.android.intent.MESSAGE_RECEIVED
ADDED from [:MessageCenter] AndroidManifest.xml:21:17-83
	android:name
		ADDED from [:MessageCenter] AndroidManifest.xml:21:25-80
action#cn.jpush.android.intent.NOTIFICATION_RECEIVED
ADDED from [:MessageCenter] AndroidManifest.xml:22:17-88
	android:name
		ADDED from [:MessageCenter] AndroidManifest.xml:22:25-85
action#cn.jpush.android.intent.NOTIFICATION_OPENED
ADDED from [:MessageCenter] AndroidManifest.xml:23:17-86
	android:name
		ADDED from [:MessageCenter] AndroidManifest.xml:23:25-83
action#cn.jpush.android.intent.NOTIFICATION_CLICK_ACTION
ADDED from [:MessageCenter] AndroidManifest.xml:24:17-92
	android:name
		ADDED from [:MessageCenter] AndroidManifest.xml:24:25-89
action#cn.jpush.android.intent.CONNECTION
ADDED from [:MessageCenter] AndroidManifest.xml:25:17-77
	android:name
		ADDED from [:MessageCenter] AndroidManifest.xml:25:25-74
category#com.kotlin.mall
ADDED from [:MessageCenter] AndroidManifest.xml:27:17-60
	android:name
		ADDED from [:MessageCenter] AndroidManifest.xml:27:27-57
meta-data#JPUSH_APPKEY
ADDED from [:MessageCenter] AndroidManifest.xml:31:9-34:45
MERGED from [cn.jiguang.sdk:jpush:3.0.9] AndroidManifest.xml:122:9-124:47
MERGED from [cn.jiguang.sdk:jpush:3.0.9] AndroidManifest.xml:122:9-124:47
	tools:replace
		ADDED from [:MessageCenter] AndroidManifest.xml:34:13-42
	android:value
		ADDED from [:MessageCenter] AndroidManifest.xml:33:13-53
		REJECTED from [cn.jiguang.sdk:jpush:3.0.9] AndroidManifest.xml:124:13-44
	android:name
		ADDED from [:MessageCenter] AndroidManifest.xml:32:13-40
meta-data#JPUSH_CHANNEL
ADDED from [:MessageCenter] AndroidManifest.xml:35:9-38:45
MERGED from [cn.jiguang.sdk:jpush:3.0.9] AndroidManifest.xml:119:9-121:48
MERGED from [cn.jiguang.sdk:jpush:3.0.9] AndroidManifest.xml:119:9-121:48
	tools:replace
		ADDED from [:MessageCenter] AndroidManifest.xml:38:13-42
	android:value
		ADDED from [:MessageCenter] AndroidManifest.xml:37:13-46
		REJECTED from [cn.jiguang.sdk:jpush:3.0.9] AndroidManifest.xml:121:13-45
	android:name
		ADDED from [:MessageCenter] AndroidManifest.xml:36:13-41
activity#com.kotlin.goods.ui.activity.GoodsActivity
ADDED from [:GoodsCenter] AndroidManifest.xml:15:9-79
	android:name
		ADDED from [:GoodsCenter] AndroidManifest.xml:15:19-76
activity#com.kotlin.goods.ui.activity.SearchGoodsActivity
ADDED from [:GoodsCenter] AndroidManifest.xml:16:9-85
	android:name
		ADDED from [:GoodsCenter] AndroidManifest.xml:16:19-82
activity#com.kotlin.goods.ui.activity.GoodsDetailActivity
ADDED from [:GoodsCenter] AndroidManifest.xml:17:9-19:53
	android:theme
		ADDED from [:GoodsCenter] AndroidManifest.xml:19:13-50
	android:name
		ADDED from [:GoodsCenter] AndroidManifest.xml:18:13-76
activity#com.kotlin.goods.ui.activity.CartActivity
ADDED from [:GoodsCenter] AndroidManifest.xml:20:9-78
	android:name
		ADDED from [:GoodsCenter] AndroidManifest.xml:20:19-75
activity#com.kotlin.order.ui.activity.OrderConfirmActivity
ADDED from [:OrderCenter] AndroidManifest.xml:15:9-86
	android:name
		ADDED from [:OrderCenter] AndroidManifest.xml:15:19-83
activity#com.kotlin.order.ui.activity.ShipAddressActivity
ADDED from [:OrderCenter] AndroidManifest.xml:16:9-85
	android:name
		ADDED from [:OrderCenter] AndroidManifest.xml:16:19-82
activity#com.kotlin.order.ui.activity.ShipAddressEditActivity
ADDED from [:OrderCenter] AndroidManifest.xml:17:9-89
	android:name
		ADDED from [:OrderCenter] AndroidManifest.xml:17:19-86
activity#com.kotlin.order.ui.activity.OrderActivity
ADDED from [:OrderCenter] AndroidManifest.xml:18:9-79
	android:name
		ADDED from [:OrderCenter] AndroidManifest.xml:18:19-76
activity#com.kotlin.order.ui.activity.OrderDetailActivity
ADDED from [:OrderCenter] AndroidManifest.xml:19:9-85
	android:name
		ADDED from [:OrderCenter] AndroidManifest.xml:19:19-82
uses-permission#android.permission.INTERNET
ADDED from [:PaySDK] AndroidManifest.xml:11:5-67
MERGED from [:BaseLibrary] AndroidManifest.xml:11:5-67
MERGED from [:BaseLibrary] AndroidManifest.xml:11:5-67
MERGED from [cn.jiguang.sdk:jpush:3.0.9] AndroidManifest.xml:18:5-67
MERGED from [cn.jiguang.sdk:jpush:3.0.9] AndroidManifest.xml:18:5-67
	android:name
		ADDED from [:PaySDK] AndroidManifest.xml:11:22-64
uses-permission#android.permission.ACCESS_WIFI_STATE
ADDED from [:PaySDK] AndroidManifest.xml:13:5-76
MERGED from [cn.jiguang.sdk:jpush:3.0.9] AndroidManifest.xml:27:5-76
MERGED from [cn.jiguang.sdk:jpush:3.0.9] AndroidManifest.xml:27:5-76
	android:name
		ADDED from [:PaySDK] AndroidManifest.xml:13:22-73
uses-permission#android.permission.READ_PHONE_STATE
ADDED from [:PaySDK] AndroidManifest.xml:14:5-75
MERGED from [cn.jiguang.sdk:jpush:3.0.9] AndroidManifest.xml:20:5-75
MERGED from [cn.jiguang.sdk:jpush:3.0.9] AndroidManifest.xml:20:5-75
	android:name
		ADDED from [:PaySDK] AndroidManifest.xml:14:22-72
uses-permission#android.permission.WRITE_EXTERNAL_STORAGE
ADDED from [:PaySDK] AndroidManifest.xml:15:5-81
MERGED from [cn.jiguang.sdk:jpush:3.0.9] AndroidManifest.xml:21:5-81
MERGED from [cn.jiguang.sdk:jpush:3.0.9] AndroidManifest.xml:21:5-81
MERGED from [com.jph.takephoto:takephoto_library:4.0.3] AndroidManifest.xml:11:5-81
MERGED from [com.jph.takephoto:takephoto_library:4.0.3] AndroidManifest.xml:11:5-81
	android:name
		ADDED from [:PaySDK] AndroidManifest.xml:15:22-78
activity#com.alipay.sdk.app.H5PayActivity
ADDED from [:PaySDK] AndroidManifest.xml:21:9-27:20
	android:screenOrientation
		ADDED from [:PaySDK] AndroidManifest.xml:25:13-47
	android:windowSoftInputMode
		ADDED from [:PaySDK] AndroidManifest.xml:26:13-67
	android:exported
		ADDED from [:PaySDK] AndroidManifest.xml:24:13-37
	android:configChanges
		ADDED from [:PaySDK] AndroidManifest.xml:23:13-85
	android:name
		ADDED from [:PaySDK] AndroidManifest.xml:22:13-60
activity#com.alipay.sdk.app.H5AuthActivity
ADDED from [:PaySDK] AndroidManifest.xml:28:9-34:20
	android:screenOrientation
		ADDED from [:PaySDK] AndroidManifest.xml:32:13-47
	android:windowSoftInputMode
		ADDED from [:PaySDK] AndroidManifest.xml:33:13-67
	android:exported
		ADDED from [:PaySDK] AndroidManifest.xml:31:13-37
	android:configChanges
		ADDED from [:PaySDK] AndroidManifest.xml:30:13-74
	android:name
		ADDED from [:PaySDK] AndroidManifest.xml:29:13-61
activity#com.kotlin.pay.ui.activity.CashRegisterActivity
ADDED from [:PaySDK] AndroidManifest.xml:35:9-84
	android:name
		ADDED from [:PaySDK] AndroidManifest.xml:35:19-81
permission#${JPUSH_PKGNAME}.permission.JPUSH_MESSAGE
ADDED from [cn.jiguang.sdk:jpush:3.0.9] AndroidManifest.xml:11:5-13:47
	android:protectionLevel
		ADDED from [cn.jiguang.sdk:jpush:3.0.9] AndroidManifest.xml:13:9-44
	android:name
		ADDED from [cn.jiguang.sdk:jpush:3.0.9] AndroidManifest.xml:12:9-65
permission#com.kotlin.mall.permission.JPUSH_MESSAGE
ADDED from [cn.jiguang.sdk:jpush:3.0.9] AndroidManifest.xml:11:5-13:47
	android:protectionLevel
		ADDED from [cn.jiguang.sdk:jpush:3.0.9] AndroidManifest.xml:13:9-44
	android:name
		ADDED from [cn.jiguang.sdk:jpush:3.0.9] AndroidManifest.xml:12:9-65
uses-permission#${JPUSH_PKGNAME}.permission.JPUSH_MESSAGE
ADDED from [cn.jiguang.sdk:jpush:3.0.9] AndroidManifest.xml:16:5-81
	android:name
		ADDED from [cn.jiguang.sdk:jpush:3.0.9] AndroidManifest.xml:16:22-78
uses-permission#com.kotlin.mall.permission.JPUSH_MESSAGE
ADDED from [cn.jiguang.sdk:jpush:3.0.9] AndroidManifest.xml:16:5-81
	android:name
		ADDED from [cn.jiguang.sdk:jpush:3.0.9] AndroidManifest.xml:16:22-78
uses-permission#android.permission.RECEIVE_USER_PRESENT
ADDED from [cn.jiguang.sdk:jpush:3.0.9] AndroidManifest.xml:17:5-79
	android:name
		ADDED from [cn.jiguang.sdk:jpush:3.0.9] AndroidManifest.xml:17:22-76
uses-permission#android.permission.WAKE_LOCK
ADDED from [cn.jiguang.sdk:jpush:3.0.9] AndroidManifest.xml:19:5-68
	android:name
		ADDED from [cn.jiguang.sdk:jpush:3.0.9] AndroidManifest.xml:19:22-65
uses-permission#android.permission.READ_EXTERNAL_STORAGE
ADDED from [cn.jiguang.sdk:jpush:3.0.9] AndroidManifest.xml:22:5-80
IMPLIED from src\main\AndroidManifest.xml:2:1-26:12 reason: cn.jpush.client.android requested WRITE_EXTERNAL_STORAGE
MERGED from [com.darsh.multipleimageselect:multipleimageselect:1.0.4] AndroidManifest.xml:11:5-80
MERGED from [com.darsh.multipleimageselect:multipleimageselect:1.0.4] AndroidManifest.xml:11:5-80
	android:name
		ADDED from [cn.jiguang.sdk:jpush:3.0.9] AndroidManifest.xml:22:22-77
uses-permission#android.permission.WRITE_SETTINGS
ADDED from [cn.jiguang.sdk:jpush:3.0.9] AndroidManifest.xml:23:5-73
	android:name
		ADDED from [cn.jiguang.sdk:jpush:3.0.9] AndroidManifest.xml:23:22-70
uses-permission#android.permission.VIBRATE
ADDED from [cn.jiguang.sdk:jpush:3.0.9] AndroidManifest.xml:24:5-66
	android:name
		ADDED from [cn.jiguang.sdk:jpush:3.0.9] AndroidManifest.xml:24:22-63
uses-permission#android.permission.MOUNT_UNMOUNT_FILESYSTEMS
ADDED from [cn.jiguang.sdk:jpush:3.0.9] AndroidManifest.xml:25:5-84
	android:name
		ADDED from [cn.jiguang.sdk:jpush:3.0.9] AndroidManifest.xml:25:22-81
uses-permission#android.permission.SYSTEM_ALERT_WINDOW
ADDED from [cn.jiguang.sdk:jpush:3.0.9] AndroidManifest.xml:30:5-78
	android:name
		ADDED from [cn.jiguang.sdk:jpush:3.0.9] AndroidManifest.xml:30:22-75
uses-permission#android.permission.ACCESS_COARSE_LOCATION
ADDED from [cn.jiguang.sdk:jpush:3.0.9] AndroidManifest.xml:31:5-81
	android:name
		ADDED from [cn.jiguang.sdk:jpush:3.0.9] AndroidManifest.xml:31:22-78
uses-permission#android.permission.CHANGE_WIFI_STATE
ADDED from [cn.jiguang.sdk:jpush:3.0.9] AndroidManifest.xml:32:5-76
	android:name
		ADDED from [cn.jiguang.sdk:jpush:3.0.9] AndroidManifest.xml:32:22-73
uses-permission#android.permission.ACCESS_FINE_LOCATION
ADDED from [cn.jiguang.sdk:jpush:3.0.9] AndroidManifest.xml:33:5-79
	android:name
		ADDED from [cn.jiguang.sdk:jpush:3.0.9] AndroidManifest.xml:33:22-76
uses-permission#android.permission.ACCESS_LOCATION_EXTRA_COMMANDS
ADDED from [cn.jiguang.sdk:jpush:3.0.9] AndroidManifest.xml:34:5-89
	android:name
		ADDED from [cn.jiguang.sdk:jpush:3.0.9] AndroidManifest.xml:34:22-86
uses-permission#android.permission.CHANGE_NETWORK_STATE
ADDED from [cn.jiguang.sdk:jpush:3.0.9] AndroidManifest.xml:35:5-79
	android:name
		ADDED from [cn.jiguang.sdk:jpush:3.0.9] AndroidManifest.xml:35:22-76
activity#cn.jpush.android.ui.PopWinActivity
ADDED from [cn.jiguang.sdk:jpush:3.0.9] AndroidManifest.xml:40:9-43:52
	android:exported
		ADDED from [cn.jiguang.sdk:jpush:3.0.9] AndroidManifest.xml:42:13-37
	android:theme
		ADDED from [cn.jiguang.sdk:jpush:3.0.9] AndroidManifest.xml:43:13-49
	android:name
		ADDED from [cn.jiguang.sdk:jpush:3.0.9] AndroidManifest.xml:41:13-62
activity#cn.jpush.android.ui.PushActivity
ADDED from [cn.jiguang.sdk:jpush:3.0.9] AndroidManifest.xml:46:9-57:20
	android:exported
		ADDED from [cn.jiguang.sdk:jpush:3.0.9] AndroidManifest.xml:49:13-37
	android:configChanges
		ADDED from [cn.jiguang.sdk:jpush:3.0.9] AndroidManifest.xml:48:13-63
	android:theme
		ADDED from [cn.jiguang.sdk:jpush:3.0.9] AndroidManifest.xml:50:13-60
	android:name
		ADDED from [cn.jiguang.sdk:jpush:3.0.9] AndroidManifest.xml:47:13-60
intent-filter#action:name:cn.jpush.android.ui.PushActivity+category:name:${JPUSH_PKGNAME}+category:name:android.intent.category.DEFAULT
ADDED from [cn.jiguang.sdk:jpush:3.0.9] AndroidManifest.xml:51:13-56:29
intent-filter#action:name:cn.jpush.android.ui.PushActivity+category:name:android.intent.category.DEFAULT+category:name:com.kotlin.mall
ADDED from [cn.jiguang.sdk:jpush:3.0.9] AndroidManifest.xml:51:13-56:29